<?xml version="1.0" encoding="UTF-8"?>
<!-- Generated by org.testng.reporters.JUnitReportReporter -->
<testsuite skipped="0" hostname="user" name="tesnglearn1.flowoftestestng" tests="1" failures="0" timestamp="03 Apr 2018 11:33:13 GMT" time="0.014" errors="0">
  <testcase name="login" time="0.014" classname="tesnglearn1.flowoftestestng"/>
</testsuite> <!-- tesnglearn1.flowoftestestng -->
